2022-02-17 16:38:27,236 INFO: Total 180000 docs.
2022-02-17 16:40:07,504 INFO: Total 20000 docs.
2022-02-17 16:43:45,973 INFO: Total 50000 docs.
2022-02-17 16:43:45,974 INFO: Start training...
D:\RuntimeEnvironment\Anaconda\envs\pt\lib\site-packages\torch\optim\lr_scheduler.py:247: UserWarning: To get the last learning rate computed by the scheduler, please use `get_last_lr()`.
  warnings.warn("To get the last learning rate computed by the scheduler, "
2022-02-17 16:44:12,513 INFO: | epoch   1 | step  50 | batch  50/11250 | lr 0.00020 0.00005 | loss 2.0527 | s/batch 0.53
2022-02-17 16:44:32,699 INFO: | epoch   1 | step 100 | batch 100/11250 | lr 0.00020 0.00005 | loss 1.0835 | s/batch 0.40
2022-02-17 16:44:53,801 INFO: | epoch   1 | step 150 | batch 150/11250 | lr 0.00020 0.00005 | loss 0.9084 | s/batch 0.42
2022-02-17 16:45:12,649 INFO: | epoch   1 | step 200 | batch 200/11250 | lr 0.00020 0.00005 | loss 0.7417 | s/batch 0.38
2022-02-17 16:45:33,358 INFO: | epoch   1 | step 250 | batch 250/11250 | lr 0.00020 0.00005 | loss 0.6667 | s/batch 0.41
2022-02-17 16:45:52,122 INFO: | epoch   1 | step 300 | batch 300/11250 | lr 0.00020 0.00005 | loss 0.5447 | s/batch 0.38
2022-02-17 16:46:07,487 INFO: | epoch   1 | step 350 | batch 350/11250 | lr 0.00020 0.00005 | loss 0.4972 | s/batch 0.31
2022-02-17 16:46:27,951 INFO: | epoch   1 | step 400 | batch 400/11250 | lr 0.00020 0.00005 | loss 0.6105 | s/batch 0.41
2022-02-17 16:46:48,878 INFO: | epoch   1 | step 450 | batch 450/11250 | lr 0.00020 0.00005 | loss 0.4844 | s/batch 0.42
2022-02-17 16:47:06,014 INFO: | epoch   1 | step 500 | batch 500/11250 | lr 0.00020 0.00005 | loss 0.4503 | s/batch 0.34
2022-02-17 16:47:27,545 INFO: | epoch   1 | step 550 | batch 550/11250 | lr 0.00020 0.00005 | loss 0.4414 | s/batch 0.43
2022-02-17 16:47:48,311 INFO: | epoch   1 | step 600 | batch 600/11250 | lr 0.00020 0.00005 | loss 0.4983 | s/batch 0.42
2022-02-17 16:48:07,394 INFO: | epoch   1 | step 650 | batch 650/11250 | lr 0.00020 0.00005 | loss 0.3962 | s/batch 0.38
2022-02-17 16:48:27,647 INFO: | epoch   1 | step 700 | batch 700/11250 | lr 0.00020 0.00005 | loss 0.3891 | s/batch 0.41
2022-02-17 16:48:46,540 INFO: | epoch   1 | step 750 | batch 750/11250 | lr 0.00020 0.00005 | loss 0.3440 | s/batch 0.38
2022-02-17 16:49:08,338 INFO: | epoch   1 | step 800 | batch 800/11250 | lr 0.00020 0.00005 | loss 0.3742 | s/batch 0.44
2022-02-17 16:49:25,872 INFO: | epoch   1 | step 850 | batch 850/11250 | lr 0.00020 0.00005 | loss 0.3841 | s/batch 0.35
2022-02-17 16:49:46,302 INFO: | epoch   1 | step 900 | batch 900/11250 | lr 0.00020 0.00005 | loss 0.4282 | s/batch 0.41
2022-02-17 16:50:03,949 INFO: | epoch   1 | step 950 | batch 950/11250 | lr 0.00020 0.00005 | loss 0.3703 | s/batch 0.35
2022-02-17 16:50:21,738 INFO: | epoch   1 | step 1000 | batch 1000/11250 | lr 0.00015 0.00005 | loss 0.2930 | s/batch 0.36
2022-02-17 16:50:40,222 INFO: | epoch   1 | step 1050 | batch 1050/11250 | lr 0.00015 0.00005 | loss 0.2810 | s/batch 0.37
2022-02-17 16:50:59,412 INFO: | epoch   1 | step 1100 | batch 1100/11250 | lr 0.00015 0.00005 | loss 0.3847 | s/batch 0.38
2022-02-17 16:51:15,625 INFO: | epoch   1 | step 1150 | batch 1150/11250 | lr 0.00015 0.00004 | loss 0.3725 | s/batch 0.32
2022-02-17 16:51:34,172 INFO: | epoch   1 | step 1200 | batch 1200/11250 | lr 0.00015 0.00004 | loss 0.3552 | s/batch 0.37
2022-02-17 16:51:52,258 INFO: | epoch   1 | step 1250 | batch 1250/11250 | lr 0.00015 0.00004 | loss 0.3076 | s/batch 0.36
2022-02-17 16:52:12,183 INFO: | epoch   1 | step 1300 | batch 1300/11250 | lr 0.00015 0.00004 | loss 0.3189 | s/batch 0.40
2022-02-17 16:52:33,370 INFO: | epoch   1 | step 1350 | batch 1350/11250 | lr 0.00015 0.00004 | loss 0.3482 | s/batch 0.42
2022-02-17 16:52:53,033 INFO: | epoch   1 | step 1400 | batch 1400/11250 | lr 0.00015 0.00004 | loss 0.3707 | s/batch 0.39
2022-02-17 16:53:12,642 INFO: | epoch   1 | step 1450 | batch 1450/11250 | lr 0.00015 0.00004 | loss 0.3342 | s/batch 0.39
2022-02-17 16:53:31,327 INFO: | epoch   1 | step 1500 | batch 1500/11250 | lr 0.00015 0.00004 | loss 0.3160 | s/batch 0.37
2022-02-17 16:53:51,470 INFO: | epoch   1 | step 1550 | batch 1550/11250 | lr 0.00015 0.00004 | loss 0.3336 | s/batch 0.40
2022-02-17 16:54:12,188 INFO: | epoch   1 | step 1600 | batch 1600/11250 | lr 0.00015 0.00004 | loss 0.3757 | s/batch 0.41
2022-02-17 16:54:31,525 INFO: | epoch   1 | step 1650 | batch 1650/11250 | lr 0.00015 0.00004 | loss 0.2937 | s/batch 0.39
2022-02-17 16:54:48,420 INFO: | epoch   1 | step 1700 | batch 1700/11250 | lr 0.00015 0.00004 | loss 0.2832 | s/batch 0.34
2022-02-17 16:55:09,891 INFO: | epoch   1 | step 1750 | batch 1750/11250 | lr 0.00015 0.00004 | loss 0.3730 | s/batch 0.43
2022-02-17 16:55:29,157 INFO: | epoch   1 | step 1800 | batch 1800/11250 | lr 0.00015 0.00004 | loss 0.3426 | s/batch 0.39
2022-02-17 16:55:46,885 INFO: | epoch   1 | step 1850 | batch 1850/11250 | lr 0.00015 0.00004 | loss 0.2760 | s/batch 0.35
2022-02-17 16:56:02,851 INFO: | epoch   1 | step 1900 | batch 1900/11250 | lr 0.00015 0.00004 | loss 0.2654 | s/batch 0.32
2022-02-17 16:56:22,718 INFO: | epoch   1 | step 1950 | batch 1950/11250 | lr 0.00015 0.00004 | loss 0.2981 | s/batch 0.40
2022-02-17 16:56:42,032 INFO: | epoch   1 | step 2000 | batch 2000/11250 | lr 0.00011 0.00004 | loss 0.2818 | s/batch 0.39
2022-02-17 16:57:02,729 INFO: | epoch   1 | step 2050 | batch 2050/11250 | lr 0.00011 0.00004 | loss 0.3063 | s/batch 0.41
2022-02-17 16:57:20,936 INFO: | epoch   1 | step 2100 | batch 2100/11250 | lr 0.00011 0.00004 | loss 0.2812 | s/batch 0.36
2022-02-17 16:57:41,323 INFO: | epoch   1 | step 2150 | batch 2150/11250 | lr 0.00011 0.00004 | loss 0.2794 | s/batch 0.41
2022-02-17 16:58:01,598 INFO: | epoch   1 | step 2200 | batch 2200/11250 | lr 0.00011 0.00004 | loss 0.2744 | s/batch 0.41
2022-02-17 16:58:17,980 INFO: | epoch   1 | step 2250 | batch 2250/11250 | lr 0.00011 0.00004 | loss 0.2841 | s/batch 0.33
2022-02-17 16:58:37,110 INFO: | epoch   1 | step 2300 | batch 2300/11250 | lr 0.00011 0.00004 | loss 0.2641 | s/batch 0.38
2022-02-17 16:58:54,542 INFO: | epoch   1 | step 2350 | batch 2350/11250 | lr 0.00011 0.00004 | loss 0.2666 | s/batch 0.35
2022-02-17 16:59:12,570 INFO: | epoch   1 | step 2400 | batch 2400/11250 | lr 0.00011 0.00004 | loss 0.2708 | s/batch 0.36
2022-02-17 16:59:30,633 INFO: | epoch   1 | step 2450 | batch 2450/11250 | lr 0.00011 0.00004 | loss 0.2484 | s/batch 0.36
2022-02-17 16:59:50,775 INFO: | epoch   1 | step 2500 | batch 2500/11250 | lr 0.00011 0.00004 | loss 0.2687 | s/batch 0.40
2022-02-17 17:00:10,711 INFO: | epoch   1 | step 2550 | batch 2550/11250 | lr 0.00011 0.00004 | loss 0.2341 | s/batch 0.40
2022-02-17 17:00:29,237 INFO: | epoch   1 | step 2600 | batch 2600/11250 | lr 0.00011 0.00004 | loss 0.2455 | s/batch 0.37
2022-02-17 17:00:49,129 INFO: | epoch   1 | step 2650 | batch 2650/11250 | lr 0.00011 0.00004 | loss 0.2756 | s/batch 0.40
2022-02-17 17:01:09,943 INFO: | epoch   1 | step 2700 | batch 2700/11250 | lr 0.00011 0.00004 | loss 0.3286 | s/batch 0.42
2022-02-17 17:01:31,557 INFO: | epoch   1 | step 2750 | batch 2750/11250 | lr 0.00011 0.00004 | loss 0.3086 | s/batch 0.43
2022-02-17 17:01:50,486 INFO: | epoch   1 | step 2800 | batch 2800/11250 | lr 0.00011 0.00004 | loss 0.2385 | s/batch 0.38
2022-02-17 17:02:07,391 INFO: | epoch   1 | step 2850 | batch 2850/11250 | lr 0.00011 0.00004 | loss 0.2873 | s/batch 0.34
2022-02-17 17:02:23,782 INFO: | epoch   1 | step 2900 | batch 2900/11250 | lr 0.00011 0.00004 | loss 0.2818 | s/batch 0.33
2022-02-17 17:02:40,835 INFO: | epoch   1 | step 2950 | batch 2950/11250 | lr 0.00011 0.00004 | loss 0.2478 | s/batch 0.34
2022-02-17 17:02:57,838 INFO: | epoch   1 | step 3000 | batch 3000/11250 | lr 0.00008 0.00004 | loss 0.2649 | s/batch 0.34
2022-02-17 17:03:18,600 INFO: | epoch   1 | step 3050 | batch 3050/11250 | lr 0.00008 0.00004 | loss 0.2635 | s/batch 0.42
2022-02-17 17:03:36,927 INFO: | epoch   1 | step 3100 | batch 3100/11250 | lr 0.00008 0.00004 | loss 0.2803 | s/batch 0.37
2022-02-17 17:03:54,428 INFO: | epoch   1 | step 3150 | batch 3150/11250 | lr 0.00008 0.00004 | loss 0.3014 | s/batch 0.35
2022-02-17 17:04:11,698 INFO: | epoch   1 | step 3200 | batch 3200/11250 | lr 0.00008 0.00004 | loss 0.1933 | s/batch 0.35
2022-02-17 17:04:30,965 INFO: | epoch   1 | step 3250 | batch 3250/11250 | lr 0.00008 0.00004 | loss 0.2316 | s/batch 0.39
2022-02-17 17:04:47,974 INFO: | epoch   1 | step 3300 | batch 3300/11250 | lr 0.00008 0.00004 | loss 0.2419 | s/batch 0.34
2022-02-17 17:05:05,766 INFO: | epoch   1 | step 3350 | batch 3350/11250 | lr 0.00008 0.00004 | loss 0.2330 | s/batch 0.36
2022-02-17 17:05:22,952 INFO: | epoch   1 | step 3400 | batch 3400/11250 | lr 0.00008 0.00003 | loss 0.1868 | s/batch 0.34
2022-02-17 17:05:39,992 INFO: | epoch   1 | step 3450 | batch 3450/11250 | lr 0.00008 0.00003 | loss 0.2514 | s/batch 0.34
2022-02-17 17:05:59,505 INFO: | epoch   1 | step 3500 | batch 3500/11250 | lr 0.00008 0.00003 | loss 0.2958 | s/batch 0.39
2022-02-17 17:06:16,531 INFO: | epoch   1 | step 3550 | batch 3550/11250 | lr 0.00008 0.00003 | loss 0.2222 | s/batch 0.34
2022-02-17 17:06:33,257 INFO: | epoch   1 | step 3600 | batch 3600/11250 | lr 0.00008 0.00003 | loss 0.2126 | s/batch 0.33
2022-02-17 17:06:52,110 INFO: | epoch   1 | step 3650 | batch 3650/11250 | lr 0.00008 0.00003 | loss 0.3209 | s/batch 0.38
2022-02-17 17:07:12,063 INFO: | epoch   1 | step 3700 | batch 3700/11250 | lr 0.00008 0.00003 | loss 0.2568 | s/batch 0.40
2022-02-17 17:07:28,149 INFO: | epoch   1 | step 3750 | batch 3750/11250 | lr 0.00008 0.00003 | loss 0.2251 | s/batch 0.32
2022-02-17 17:07:47,241 INFO: | epoch   1 | step 3800 | batch 3800/11250 | lr 0.00008 0.00003 | loss 0.2512 | s/batch 0.38
2022-02-17 17:08:05,633 INFO: | epoch   1 | step 3850 | batch 3850/11250 | lr 0.00008 0.00003 | loss 0.2774 | s/batch 0.37
2022-02-17 17:08:24,418 INFO: | epoch   1 | step 3900 | batch 3900/11250 | lr 0.00008 0.00003 | loss 0.2337 | s/batch 0.38
2022-02-17 17:08:43,088 INFO: | epoch   1 | step 3950 | batch 3950/11250 | lr 0.00008 0.00003 | loss 0.2555 | s/batch 0.37
2022-02-17 17:09:02,596 INFO: | epoch   1 | step 4000 | batch 4000/11250 | lr 0.00006 0.00003 | loss 0.1905 | s/batch 0.39
2022-02-17 17:09:21,420 INFO: | epoch   1 | step 4050 | batch 4050/11250 | lr 0.00006 0.00003 | loss 0.2889 | s/batch 0.38
2022-02-17 17:09:38,826 INFO: | epoch   1 | step 4100 | batch 4100/11250 | lr 0.00006 0.00003 | loss 0.1525 | s/batch 0.35
2022-02-17 17:09:55,735 INFO: | epoch   1 | step 4150 | batch 4150/11250 | lr 0.00006 0.00003 | loss 0.2335 | s/batch 0.34
2022-02-17 17:10:15,704 INFO: | epoch   1 | step 4200 | batch 4200/11250 | lr 0.00006 0.00003 | loss 0.2592 | s/batch 0.40
2022-02-17 17:10:33,145 INFO: | epoch   1 | step 4250 | batch 4250/11250 | lr 0.00006 0.00003 | loss 0.2339 | s/batch 0.35
2022-02-17 17:10:51,897 INFO: | epoch   1 | step 4300 | batch 4300/11250 | lr 0.00006 0.00003 | loss 0.2631 | s/batch 0.38
2022-02-17 17:11:11,615 INFO: | epoch   1 | step 4350 | batch 4350/11250 | lr 0.00006 0.00003 | loss 0.2292 | s/batch 0.39
2022-02-17 17:11:31,509 INFO: | epoch   1 | step 4400 | batch 4400/11250 | lr 0.00006 0.00003 | loss 0.1997 | s/batch 0.40
2022-02-17 17:11:50,000 INFO: | epoch   1 | step 4450 | batch 4450/11250 | lr 0.00006 0.00003 | loss 0.2263 | s/batch 0.37
2022-02-17 17:12:11,249 INFO: | epoch   1 | step 4500 | batch 4500/11250 | lr 0.00006 0.00003 | loss 0.2555 | s/batch 0.42
2022-02-17 17:12:32,559 INFO: | epoch   1 | step 4550 | batch 4550/11250 | lr 0.00006 0.00003 | loss 0.2835 | s/batch 0.43
2022-02-17 17:12:46,108 INFO: | epoch   1 | step 4600 | batch 4600/11250 | lr 0.00006 0.00003 | loss 0.1791 | s/batch 0.27
2022-02-17 17:13:03,968 INFO: | epoch   1 | step 4650 | batch 4650/11250 | lr 0.00006 0.00003 | loss 0.1772 | s/batch 0.36
2022-02-17 17:13:21,467 INFO: | epoch   1 | step 4700 | batch 4700/11250 | lr 0.00006 0.00003 | loss 0.2109 | s/batch 0.35
2022-02-17 17:13:40,812 INFO: | epoch   1 | step 4750 | batch 4750/11250 | lr 0.00006 0.00003 | loss 0.2378 | s/batch 0.39
2022-02-17 17:13:59,456 INFO: | epoch   1 | step 4800 | batch 4800/11250 | lr 0.00006 0.00003 | loss 0.2477 | s/batch 0.37
2022-02-17 17:14:20,271 INFO: | epoch   1 | step 4850 | batch 4850/11250 | lr 0.00006 0.00003 | loss 0.3020 | s/batch 0.42
2022-02-17 17:14:38,400 INFO: | epoch   1 | step 4900 | batch 4900/11250 | lr 0.00006 0.00003 | loss 0.2030 | s/batch 0.36
2022-02-17 17:14:57,096 INFO: | epoch   1 | step 4950 | batch 4950/11250 | lr 0.00006 0.00003 | loss 0.2441 | s/batch 0.37
2022-02-17 17:15:13,577 INFO: | epoch   1 | step 5000 | batch 5000/11250 | lr 0.00005 0.00003 | loss 0.2226 | s/batch 0.33
2022-02-17 17:15:33,438 INFO: | epoch   1 | step 5050 | batch 5050/11250 | lr 0.00005 0.00003 | loss 0.1764 | s/batch 0.40
2022-02-17 17:15:52,144 INFO: | epoch   1 | step 5100 | batch 5100/11250 | lr 0.00005 0.00003 | loss 0.1938 | s/batch 0.37
2022-02-17 17:16:10,010 INFO: | epoch   1 | step 5150 | batch 5150/11250 | lr 0.00005 0.00003 | loss 0.2363 | s/batch 0.36
2022-02-17 17:16:28,363 INFO: | epoch   1 | step 5200 | batch 5200/11250 | lr 0.00005 0.00003 | loss 0.2261 | s/batch 0.37
2022-02-17 17:16:47,840 INFO: | epoch   1 | step 5250 | batch 5250/11250 | lr 0.00005 0.00003 | loss 0.2192 | s/batch 0.39
2022-02-17 17:17:04,637 INFO: | epoch   1 | step 5300 | batch 5300/11250 | lr 0.00005 0.00003 | loss 0.1671 | s/batch 0.34
2022-02-17 17:17:23,761 INFO: | epoch   1 | step 5350 | batch 5350/11250 | lr 0.00005 0.00003 | loss 0.1936 | s/batch 0.38
2022-02-17 17:17:41,007 INFO: | epoch   1 | step 5400 | batch 5400/11250 | lr 0.00005 0.00003 | loss 0.1864 | s/batch 0.34
2022-02-17 17:18:01,251 INFO: | epoch   1 | step 5450 | batch 5450/11250 | lr 0.00005 0.00003 | loss 0.2233 | s/batch 0.40
2022-02-17 17:18:19,937 INFO: | epoch   1 | step 5500 | batch 5500/11250 | lr 0.00005 0.00003 | loss 0.2279 | s/batch 0.37
2022-02-17 17:18:42,606 INFO: | epoch   1 | step 5550 | batch 5550/11250 | lr 0.00005 0.00003 | loss 0.2383 | s/batch 0.45
2022-02-17 17:19:02,058 INFO: | epoch   1 | step 5600 | batch 5600/11250 | lr 0.00005 0.00003 | loss 0.2710 | s/batch 0.39
2022-02-17 17:19:18,602 INFO: | epoch   1 | step 5650 | batch 5650/11250 | lr 0.00005 0.00002 | loss 0.2055 | s/batch 0.33
2022-02-17 17:19:38,464 INFO: | epoch   1 | step 5700 | batch 5700/11250 | lr 0.00005 0.00002 | loss 0.2127 | s/batch 0.40
2022-02-17 17:19:56,549 INFO: | epoch   1 | step 5750 | batch 5750/11250 | lr 0.00005 0.00002 | loss 0.1869 | s/batch 0.36
2022-02-17 17:20:16,064 INFO: | epoch   1 | step 5800 | batch 5800/11250 | lr 0.00005 0.00002 | loss 0.2029 | s/batch 0.39
2022-02-17 17:20:37,047 INFO: | epoch   1 | step 5850 | batch 5850/11250 | lr 0.00005 0.00002 | loss 0.2453 | s/batch 0.42
2022-02-17 17:20:54,464 INFO: | epoch   1 | step 5900 | batch 5900/11250 | lr 0.00005 0.00002 | loss 0.2415 | s/batch 0.35
2022-02-17 17:21:12,482 INFO: | epoch   1 | step 5950 | batch 5950/11250 | lr 0.00005 0.00002 | loss 0.2575 | s/batch 0.36
2022-02-17 17:21:31,652 INFO: | epoch   1 | step 6000 | batch 6000/11250 | lr 0.00004 0.00002 | loss 0.2077 | s/batch 0.38
2022-02-17 17:21:52,725 INFO: | epoch   1 | step 6050 | batch 6050/11250 | lr 0.00004 0.00002 | loss 0.1898 | s/batch 0.42
2022-02-17 17:22:12,014 INFO: | epoch   1 | step 6100 | batch 6100/11250 | lr 0.00004 0.00002 | loss 0.1832 | s/batch 0.39
2022-02-17 17:22:30,265 INFO: | epoch   1 | step 6150 | batch 6150/11250 | lr 0.00004 0.00002 | loss 0.2559 | s/batch 0.36
2022-02-17 17:22:51,202 INFO: | epoch   1 | step 6200 | batch 6200/11250 | lr 0.00004 0.00002 | loss 0.2260 | s/batch 0.42
2022-02-17 17:23:10,871 INFO: | epoch   1 | step 6250 | batch 6250/11250 | lr 0.00004 0.00002 | loss 0.2506 | s/batch 0.39
2022-02-17 17:23:29,728 INFO: | epoch   1 | step 6300 | batch 6300/11250 | lr 0.00004 0.00002 | loss 0.1766 | s/batch 0.38
2022-02-17 17:23:48,356 INFO: | epoch   1 | step 6350 | batch 6350/11250 | lr 0.00004 0.00002 | loss 0.2216 | s/batch 0.37
2022-02-17 17:24:07,114 INFO: | epoch   1 | step 6400 | batch 6400/11250 | lr 0.00004 0.00002 | loss 0.2210 | s/batch 0.38
2022-02-17 17:24:26,121 INFO: | epoch   1 | step 6450 | batch 6450/11250 | lr 0.00004 0.00002 | loss 0.2009 | s/batch 0.38
2022-02-17 17:24:48,407 INFO: | epoch   1 | step 6500 | batch 6500/11250 | lr 0.00004 0.00002 | loss 0.2142 | s/batch 0.45
2022-02-17 17:25:07,976 INFO: | epoch   1 | step 6550 | batch 6550/11250 | lr 0.00004 0.00002 | loss 0.2069 | s/batch 0.39
2022-02-17 17:25:28,847 INFO: | epoch   1 | step 6600 | batch 6600/11250 | lr 0.00004 0.00002 | loss 0.2030 | s/batch 0.42
2022-02-17 17:25:46,083 INFO: | epoch   1 | step 6650 | batch 6650/11250 | lr 0.00004 0.00002 | loss 0.2260 | s/batch 0.34
2022-02-17 17:26:06,947 INFO: | epoch   1 | step 6700 | batch 6700/11250 | lr 0.00004 0.00002 | loss 0.1695 | s/batch 0.42
2022-02-17 17:26:27,338 INFO: | epoch   1 | step 6750 | batch 6750/11250 | lr 0.00004 0.00002 | loss 0.2114 | s/batch 0.41
2022-02-17 17:26:49,049 INFO: | epoch   1 | step 6800 | batch 6800/11250 | lr 0.00004 0.00002 | loss 0.1912 | s/batch 0.43
2022-02-17 17:27:08,474 INFO: | epoch   1 | step 6850 | batch 6850/11250 | lr 0.00004 0.00002 | loss 0.2198 | s/batch 0.39
2022-02-17 17:27:29,057 INFO: | epoch   1 | step 6900 | batch 6900/11250 | lr 0.00004 0.00002 | loss 0.1682 | s/batch 0.41
2022-02-17 17:27:48,943 INFO: | epoch   1 | step 6950 | batch 6950/11250 | lr 0.00004 0.00002 | loss 0.2040 | s/batch 0.40
2022-02-17 17:28:07,656 INFO: | epoch   1 | step 7000 | batch 7000/11250 | lr 0.00003 0.00002 | loss 0.1872 | s/batch 0.37
2022-02-17 17:28:26,437 INFO: | epoch   1 | step 7050 | batch 7050/11250 | lr 0.00003 0.00002 | loss 0.2314 | s/batch 0.38
2022-02-17 17:28:48,056 INFO: | epoch   1 | step 7100 | batch 7100/11250 | lr 0.00003 0.00002 | loss 0.2049 | s/batch 0.43
2022-02-17 17:29:08,102 INFO: | epoch   1 | step 7150 | batch 7150/11250 | lr 0.00003 0.00002 | loss 0.1866 | s/batch 0.40
2022-02-17 17:29:27,713 INFO: | epoch   1 | step 7200 | batch 7200/11250 | lr 0.00003 0.00002 | loss 0.1316 | s/batch 0.39
2022-02-17 17:29:45,025 INFO: | epoch   1 | step 7250 | batch 7250/11250 | lr 0.00003 0.00002 | loss 0.1989 | s/batch 0.35
2022-02-17 17:30:05,901 INFO: | epoch   1 | step 7300 | batch 7300/11250 | lr 0.00003 0.00002 | loss 0.2151 | s/batch 0.42
2022-02-17 17:30:26,438 INFO: | epoch   1 | step 7350 | batch 7350/11250 | lr 0.00003 0.00002 | loss 0.1501 | s/batch 0.41
2022-02-17 17:30:45,029 INFO: | epoch   1 | step 7400 | batch 7400/11250 | lr 0.00003 0.00002 | loss 0.1695 | s/batch 0.37
2022-02-17 17:31:05,049 INFO: | epoch   1 | step 7450 | batch 7450/11250 | lr 0.00003 0.00002 | loss 0.1969 | s/batch 0.40
2022-02-17 17:31:25,656 INFO: | epoch   1 | step 7500 | batch 7500/11250 | lr 0.00003 0.00002 | loss 0.2203 | s/batch 0.41
2022-02-17 17:31:44,208 INFO: | epoch   1 | step 7550 | batch 7550/11250 | lr 0.00003 0.00002 | loss 0.1744 | s/batch 0.37
2022-02-17 17:32:02,654 INFO: | epoch   1 | step 7600 | batch 7600/11250 | lr 0.00003 0.00002 | loss 0.1401 | s/batch 0.37
2022-02-17 17:32:22,968 INFO: | epoch   1 | step 7650 | batch 7650/11250 | lr 0.00003 0.00002 | loss 0.2342 | s/batch 0.41
2022-02-17 17:32:40,426 INFO: | epoch   1 | step 7700 | batch 7700/11250 | lr 0.00003 0.00002 | loss 0.1957 | s/batch 0.35
2022-02-17 17:32:59,438 INFO: | epoch   1 | step 7750 | batch 7750/11250 | lr 0.00003 0.00002 | loss 0.2355 | s/batch 0.38
2022-02-17 17:33:17,234 INFO: | epoch   1 | step 7800 | batch 7800/11250 | lr 0.00003 0.00002 | loss 0.2497 | s/batch 0.36
2022-02-17 17:33:35,535 INFO: | epoch   1 | step 7850 | batch 7850/11250 | lr 0.00003 0.00002 | loss 0.1918 | s/batch 0.37
2022-02-17 17:33:52,860 INFO: | epoch   1 | step 7900 | batch 7900/11250 | lr 0.00003 0.00001 | loss 0.1578 | s/batch 0.35
2022-02-17 17:34:12,995 INFO: | epoch   1 | step 7950 | batch 7950/11250 | lr 0.00003 0.00001 | loss 0.1523 | s/batch 0.40
2022-02-17 17:34:31,886 INFO: | epoch   1 | step 8000 | batch 8000/11250 | lr 0.00002 0.00001 | loss 0.1469 | s/batch 0.38
2022-02-17 17:34:49,922 INFO: | epoch   1 | step 8050 | batch 8050/11250 | lr 0.00002 0.00001 | loss 0.1854 | s/batch 0.36
2022-02-17 17:35:09,447 INFO: | epoch   1 | step 8100 | batch 8100/11250 | lr 0.00002 0.00001 | loss 0.1923 | s/batch 0.39
2022-02-17 17:35:30,564 INFO: | epoch   1 | step 8150 | batch 8150/11250 | lr 0.00002 0.00001 | loss 0.1934 | s/batch 0.42
2022-02-17 17:35:47,493 INFO: | epoch   1 | step 8200 | batch 8200/11250 | lr 0.00002 0.00001 | loss 0.1994 | s/batch 0.34
2022-02-17 17:36:05,385 INFO: | epoch   1 | step 8250 | batch 8250/11250 | lr 0.00002 0.00001 | loss 0.1799 | s/batch 0.36
2022-02-17 17:36:22,950 INFO: | epoch   1 | step 8300 | batch 8300/11250 | lr 0.00002 0.00001 | loss 0.2069 | s/batch 0.35
2022-02-17 17:36:44,833 INFO: | epoch   1 | step 8350 | batch 8350/11250 | lr 0.00002 0.00001 | loss 0.1520 | s/batch 0.44
2022-02-17 17:37:04,968 INFO: | epoch   1 | step 8400 | batch 8400/11250 | lr 0.00002 0.00001 | loss 0.2541 | s/batch 0.40
2022-02-17 17:37:24,420 INFO: | epoch   1 | step 8450 | batch 8450/11250 | lr 0.00002 0.00001 | loss 0.1821 | s/batch 0.39
2022-02-17 17:37:43,431 INFO: | epoch   1 | step 8500 | batch 8500/11250 | lr 0.00002 0.00001 | loss 0.1822 | s/batch 0.38
2022-02-17 17:38:02,346 INFO: | epoch   1 | step 8550 | batch 8550/11250 | lr 0.00002 0.00001 | loss 0.1809 | s/batch 0.38
2022-02-17 17:38:20,592 INFO: | epoch   1 | step 8600 | batch 8600/11250 | lr 0.00002 0.00001 | loss 0.1397 | s/batch 0.36
2022-02-17 17:38:42,094 INFO: | epoch   1 | step 8650 | batch 8650/11250 | lr 0.00002 0.00001 | loss 0.1857 | s/batch 0.43
2022-02-17 17:39:00,070 INFO: | epoch   1 | step 8700 | batch 8700/11250 | lr 0.00002 0.00001 | loss 0.1751 | s/batch 0.36
2022-02-17 17:39:18,134 INFO: | epoch   1 | step 8750 | batch 8750/11250 | lr 0.00002 0.00001 | loss 0.1891 | s/batch 0.36
2022-02-17 17:39:40,080 INFO: | epoch   1 | step 8800 | batch 8800/11250 | lr 0.00002 0.00001 | loss 0.1826 | s/batch 0.44
2022-02-17 17:39:56,528 INFO: | epoch   1 | step 8850 | batch 8850/11250 | lr 0.00002 0.00001 | loss 0.1610 | s/batch 0.33
2022-02-17 17:40:14,874 INFO: | epoch   1 | step 8900 | batch 8900/11250 | lr 0.00002 0.00001 | loss 0.2026 | s/batch 0.37
2022-02-17 17:40:33,756 INFO: | epoch   1 | step 8950 | batch 8950/11250 | lr 0.00002 0.00001 | loss 0.2283 | s/batch 0.38
2022-02-17 17:40:51,955 INFO: | epoch   1 | step 9000 | batch 9000/11250 | lr 0.00002 0.00001 | loss 0.1923 | s/batch 0.36
2022-02-17 17:41:11,437 INFO: | epoch   1 | step 9050 | batch 9050/11250 | lr 0.00002 0.00001 | loss 0.1564 | s/batch 0.39
2022-02-17 17:41:30,438 INFO: | epoch   1 | step 9100 | batch 9100/11250 | lr 0.00002 0.00001 | loss 0.1765 | s/batch 0.38
2022-02-17 17:41:48,398 INFO: | epoch   1 | step 9150 | batch 9150/11250 | lr 0.00002 0.00001 | loss 0.1707 | s/batch 0.36
2022-02-17 17:42:05,163 INFO: | epoch   1 | step 9200 | batch 9200/11250 | lr 0.00002 0.00001 | loss 0.2021 | s/batch 0.34
2022-02-17 17:42:20,717 INFO: | epoch   1 | step 9250 | batch 9250/11250 | lr 0.00002 0.00001 | loss 0.1413 | s/batch 0.31
2022-02-17 17:42:38,637 INFO: | epoch   1 | step 9300 | batch 9300/11250 | lr 0.00002 0.00001 | loss 0.1504 | s/batch 0.36
2022-02-17 17:42:56,930 INFO: | epoch   1 | step 9350 | batch 9350/11250 | lr 0.00002 0.00001 | loss 0.1474 | s/batch 0.37
2022-02-17 17:43:11,968 INFO: | epoch   1 | step 9400 | batch 9400/11250 | lr 0.00002 0.00001 | loss 0.1820 | s/batch 0.30
2022-02-17 17:43:29,199 INFO: | epoch   1 | step 9450 | batch 9450/11250 | lr 0.00002 0.00001 | loss 0.1951 | s/batch 0.34
2022-02-17 17:43:46,239 INFO: | epoch   1 | step 9500 | batch 9500/11250 | lr 0.00002 0.00001 | loss 0.1818 | s/batch 0.34
2022-02-17 17:44:06,382 INFO: | epoch   1 | step 9550 | batch 9550/11250 | lr 0.00002 0.00001 | loss 0.1713 | s/batch 0.40
2022-02-17 17:44:22,600 INFO: | epoch   1 | step 9600 | batch 9600/11250 | lr 0.00002 0.00001 | loss 0.2287 | s/batch 0.32
2022-02-17 17:44:40,037 INFO: | epoch   1 | step 9650 | batch 9650/11250 | lr 0.00002 0.00001 | loss 0.2003 | s/batch 0.35
2022-02-17 17:44:58,977 INFO: | epoch   1 | step 9700 | batch 9700/11250 | lr 0.00002 0.00001 | loss 0.1989 | s/batch 0.38
2022-02-17 17:45:18,655 INFO: | epoch   1 | step 9750 | batch 9750/11250 | lr 0.00002 0.00001 | loss 0.1399 | s/batch 0.39
2022-02-17 17:45:39,793 INFO: | epoch   1 | step 9800 | batch 9800/11250 | lr 0.00002 0.00001 | loss 0.1697 | s/batch 0.42
2022-02-17 17:45:58,512 INFO: | epoch   1 | step 9850 | batch 9850/11250 | lr 0.00002 0.00001 | loss 0.2345 | s/batch 0.37
2022-02-17 17:46:14,320 INFO: | epoch   1 | step 9900 | batch 9900/11250 | lr 0.00002 0.00001 | loss 0.1557 | s/batch 0.32
2022-02-17 17:46:34,715 INFO: | epoch   1 | step 9950 | batch 9950/11250 | lr 0.00002 0.00001 | loss 0.1345 | s/batch 0.41
2022-02-17 17:46:53,575 INFO: | epoch   1 | step 10000 | batch 10000/11250 | lr 0.00001 0.00001 | loss 0.2032 | s/batch 0.38
2022-02-17 17:47:14,946 INFO: | epoch   1 | step 10050 | batch 10050/11250 | lr 0.00001 0.00001 | loss 0.1510 | s/batch 0.43
2022-02-17 17:47:32,102 INFO: | epoch   1 | step 10100 | batch 10100/11250 | lr 0.00001 0.00001 | loss 0.2071 | s/batch 0.34
2022-02-17 17:47:50,544 INFO: | epoch   1 | step 10150 | batch 10150/11250 | lr 0.00001 0.00000 | loss 0.1558 | s/batch 0.37
2022-02-17 17:48:09,254 INFO: | epoch   1 | step 10200 | batch 10200/11250 | lr 0.00001 0.00000 | loss 0.1603 | s/batch 0.37
2022-02-17 17:48:27,710 INFO: | epoch   1 | step 10250 | batch 10250/11250 | lr 0.00001 0.00000 | loss 0.1361 | s/batch 0.37
2022-02-17 17:48:47,207 INFO: | epoch   1 | step 10300 | batch 10300/11250 | lr 0.00001 0.00000 | loss 0.1723 | s/batch 0.39
2022-02-17 17:49:05,417 INFO: | epoch   1 | step 10350 | batch 10350/11250 | lr 0.00001 0.00000 | loss 0.2049 | s/batch 0.36
2022-02-17 17:49:24,443 INFO: | epoch   1 | step 10400 | batch 10400/11250 | lr 0.00001 0.00000 | loss 0.2141 | s/batch 0.38
2022-02-17 17:49:43,376 INFO: | epoch   1 | step 10450 | batch 10450/11250 | lr 0.00001 0.00000 | loss 0.1635 | s/batch 0.38
2022-02-17 17:50:03,427 INFO: | epoch   1 | step 10500 | batch 10500/11250 | lr 0.00001 0.00000 | loss 0.1564 | s/batch 0.40
2022-02-17 17:50:20,916 INFO: | epoch   1 | step 10550 | batch 10550/11250 | lr 0.00001 0.00000 | loss 0.1685 | s/batch 0.35
2022-02-17 17:50:39,284 INFO: | epoch   1 | step 10600 | batch 10600/11250 | lr 0.00001 0.00000 | loss 0.2137 | s/batch 0.37
2022-02-17 17:50:54,568 INFO: | epoch   1 | step 10650 | batch 10650/11250 | lr 0.00001 0.00000 | loss 0.1715 | s/batch 0.31
2022-02-17 17:51:11,412 INFO: | epoch   1 | step 10700 | batch 10700/11250 | lr 0.00001 0.00000 | loss 0.1727 | s/batch 0.34
2022-02-17 17:51:29,346 INFO: | epoch   1 | step 10750 | batch 10750/11250 | lr 0.00001 0.00000 | loss 0.1958 | s/batch 0.36
2022-02-17 17:51:46,157 INFO: | epoch   1 | step 10800 | batch 10800/11250 | lr 0.00001 0.00000 | loss 0.1503 | s/batch 0.34
2022-02-17 17:52:02,565 INFO: | epoch   1 | step 10850 | batch 10850/11250 | lr 0.00001 0.00000 | loss 0.2166 | s/batch 0.33
2022-02-17 17:52:20,493 INFO: | epoch   1 | step 10900 | batch 10900/11250 | lr 0.00001 0.00000 | loss 0.1639 | s/batch 0.36
2022-02-17 17:52:37,713 INFO: | epoch   1 | step 10950 | batch 10950/11250 | lr 0.00001 0.00000 | loss 0.1818 | s/batch 0.34
2022-02-17 17:52:55,783 INFO: | epoch   1 | step 11000 | batch 11000/11250 | lr 0.00001 0.00000 | loss 0.1645 | s/batch 0.36
2022-02-17 17:53:13,715 INFO: | epoch   1 | step 11050 | batch 11050/11250 | lr 0.00001 0.00000 | loss 0.1294 | s/batch 0.36
2022-02-17 17:53:32,926 INFO: | epoch   1 | step 11100 | batch 11100/11250 | lr 0.00001 0.00000 | loss 0.1521 | s/batch 0.38
2022-02-17 17:53:50,668 INFO: | epoch   1 | step 11150 | batch 11150/11250 | lr 0.00001 0.00000 | loss 0.1324 | s/batch 0.35
2022-02-17 17:54:09,178 INFO: | epoch   1 | step 11200 | batch 11200/11250 | lr 0.00001 0.00000 | loss 0.1802 | s/batch 0.37
2022-02-17 17:54:27,021 INFO: | epoch   1 | step 11250 | batch 11250/11250 | lr 0.00001 0.00000 | loss 0.1435 | s/batch 0.36
2022-02-17 17:54:27,349 INFO: | epoch   1 | score (90.85, 89.2, 90.0) | f1 90.0 | loss 0.2546 | time 4240.98
2022-02-17 17:54:27,645 INFO: 
              precision    recall  f1-score   support

          科技     0.9209    0.9318    0.9263     35027
          股票     0.9266    0.9364    0.9314     33251
          体育     0.9799    0.9814    0.9807     28283
          娱乐     0.9376    0.9535    0.9455     19920
          时政     0.8815    0.8958    0.8886     13515
          社会     0.8705    0.8616    0.8660     11009
          教育     0.9333    0.9230    0.9281      8987
          财经     0.8706    0.8083    0.8383      7957
          家居     0.8972    0.8931    0.8951      7063
          游戏     0.9037    0.8739    0.8885      5291
          房产     0.9161    0.8873    0.9015      4428
          时尚     0.8746    0.8463    0.8602      2818
          彩票     0.9269    0.8696    0.8973      1633
          星座     0.8791    0.8264    0.8519       818

    accuracy                         0.9233    180000
   macro avg     0.9085    0.8920    0.9000    180000
weighted avg     0.9230    0.9233    0.9230    180000

2022-02-17 18:00:30,750 INFO: | epoch   1 | dev | score (95.3, 94.54, 94.91) | f1 94.91 | time 363.10
2022-02-17 18:00:30,784 INFO: 
              precision    recall  f1-score   support

          科技     0.9559    0.9573    0.9566      3891
          股票     0.9594    0.9659    0.9626      3694
          体育     0.9857    0.9895    0.9876      3142
          娱乐     0.9659    0.9738    0.9698      2213
          时政     0.9111    0.9287    0.9198      1501
          社会     0.9318    0.9043    0.9178      1223
          教育     0.9492    0.9549    0.9520       998
          财经     0.9138    0.8869    0.9001       884
          家居     0.9439    0.9452    0.9446       784
          游戏     0.9523    0.9182    0.9350       587
          房产     0.9736    0.9736    0.9736       492
          时尚     0.9541    0.9297    0.9417       313
          彩票     0.9672    0.9415    0.9542       188
          星座     0.9775    0.9667    0.9721        90

    accuracy                         0.9554     20000
   macro avg     0.9530    0.9454    0.9491     20000
weighted avg     0.9553    0.9554    0.9553     20000

2022-02-17 18:00:30,784 INFO: Exceed history dev = 0.00, current dev = 94.91
2022-02-17 18:00:30,900 INFO: Start training...
D:\RuntimeEnvironment\Anaconda\envs\pt\lib\site-packages\torch\optim\lr_scheduler.py:247: UserWarning: To get the last learning rate computed by the scheduler, please use `get_last_lr()`.
  warnings.warn("To get the last learning rate computed by the scheduler, "
2022-02-17 18:00:48,903 INFO: | epoch   1 | step 11300 | batch  50/11250 | lr 0.00001 0.00000 | loss 0.1277 | s/batch 0.36
2022-02-17 18:01:07,824 INFO: | epoch   1 | step 11350 | batch 100/11250 | lr 0.00001 0.00000 | loss 0.1999 | s/batch 0.38
2022-02-17 18:01:26,483 INFO: | epoch   1 | step 11400 | batch 150/11250 | lr 0.00001 0.00000 | loss 0.1586 | s/batch 0.37
2022-02-17 18:01:41,249 INFO: | epoch   1 | step 11450 | batch 200/11250 | lr 0.00001 0.00000 | loss 0.1403 | s/batch 0.30
2022-02-17 18:01:57,201 INFO: | epoch   1 | step 11500 | batch 250/11250 | lr 0.00001 0.00000 | loss 0.2017 | s/batch 0.32
2022-02-17 18:02:17,579 INFO: | epoch   1 | step 11550 | batch 300/11250 | lr 0.00001 0.00000 | loss 0.1360 | s/batch 0.41
2022-02-17 18:02:34,168 INFO: | epoch   1 | step 11600 | batch 350/11250 | lr 0.00001 0.00000 | loss 0.1698 | s/batch 0.33
2022-02-17 18:02:49,742 INFO: | epoch   1 | step 11650 | batch 400/11250 | lr 0.00001 0.00000 | loss 0.1321 | s/batch 0.31
2022-02-17 18:03:10,188 INFO: | epoch   1 | step 11700 | batch 450/11250 | lr 0.00001 0.00000 | loss 0.1856 | s/batch 0.41
2022-02-17 18:03:27,652 INFO: | epoch   1 | step 11750 | batch 500/11250 | lr 0.00001 0.00000 | loss 0.1663 | s/batch 0.35
2022-02-17 18:03:49,086 INFO: | epoch   1 | step 11800 | batch 550/11250 | lr 0.00001 0.00000 | loss 0.1430 | s/batch 0.43
2022-02-17 18:04:08,090 INFO: | epoch   1 | step 11850 | batch 600/11250 | lr 0.00001 0.00000 | loss 0.1507 | s/batch 0.38
2022-02-17 18:04:26,743 INFO: | epoch   1 | step 11900 | batch 650/11250 | lr 0.00001 0.00000 | loss 0.1348 | s/batch 0.37
2022-02-17 18:04:48,849 INFO: | epoch   1 | step 11950 | batch 700/11250 | lr 0.00001 0.00000 | loss 0.1765 | s/batch 0.44
2022-02-17 18:05:06,499 INFO: | epoch   1 | step 12000 | batch 750/11250 | lr 0.00001 0.00000 | loss 0.1434 | s/batch 0.35
2022-02-17 18:05:25,195 INFO: | epoch   1 | step 12050 | batch 800/11250 | lr 0.00001 0.00000 | loss 0.1848 | s/batch 0.37
2022-02-17 18:05:45,070 INFO: | epoch   1 | step 12100 | batch 850/11250 | lr 0.00001 0.00000 | loss 0.1796 | s/batch 0.40
2022-02-17 18:06:06,336 INFO: | epoch   1 | step 12150 | batch 900/11250 | lr 0.00001 0.00000 | loss 0.1900 | s/batch 0.43
2022-02-17 18:06:26,160 INFO: | epoch   1 | step 12200 | batch 950/11250 | lr 0.00001 0.00000 | loss 0.1216 | s/batch 0.40
2022-02-17 18:06:45,091 INFO: | epoch   1 | step 12250 | batch 1000/11250 | lr 0.00001 0.00000 | loss 0.1499 | s/batch 0.38
2022-02-17 18:07:04,536 INFO: | epoch   1 | step 12300 | batch 1050/11250 | lr 0.00001 0.00000 | loss 0.1742 | s/batch 0.39
2022-02-17 18:07:23,518 INFO: | epoch   1 | step 12350 | batch 1100/11250 | lr 0.00001 0.00000 | loss 0.1289 | s/batch 0.38
2022-02-17 18:07:39,125 INFO: | epoch   1 | step 12400 | batch 1150/11250 | lr 0.00001 0.00000 | loss 0.1511 | s/batch 0.31
2022-02-17 18:07:57,077 INFO: | epoch   1 | step 12450 | batch 1200/11250 | lr 0.00001 0.00000 | loss 0.1519 | s/batch 0.36
2022-02-17 18:08:19,050 INFO: | epoch   1 | step 12500 | batch 1250/11250 | lr 0.00001 0.00000 | loss 0.1459 | s/batch 0.44
2022-02-17 18:08:38,496 INFO: | epoch   1 | step 12550 | batch 1300/11250 | lr 0.00001 0.00000 | loss 0.1385 | s/batch 0.39
2022-02-17 18:08:57,984 INFO: | epoch   1 | step 12600 | batch 1350/11250 | lr 0.00001 0.00000 | loss 0.1397 | s/batch 0.39
2022-02-17 18:09:15,245 INFO: | epoch   1 | step 12650 | batch 1400/11250 | lr 0.00001 0.00000 | loss 0.1606 | s/batch 0.35
2022-02-17 18:09:34,792 INFO: | epoch   1 | step 12700 | batch 1450/11250 | lr 0.00001 0.00000 | loss 0.1491 | s/batch 0.39
2022-02-17 18:09:53,667 INFO: | epoch   1 | step 12750 | batch 1500/11250 | lr 0.00001 0.00000 | loss 0.1008 | s/batch 0.38
2022-02-17 18:10:13,724 INFO: | epoch   1 | step 12800 | batch 1550/11250 | lr 0.00001 0.00000 | loss 0.1885 | s/batch 0.40
2022-02-17 18:10:32,745 INFO: | epoch   1 | step 12850 | batch 1600/11250 | lr 0.00001 0.00000 | loss 0.1680 | s/batch 0.38
2022-02-17 18:10:49,295 INFO: | epoch   1 | step 12900 | batch 1650/11250 | lr 0.00001 0.00000 | loss 0.1608 | s/batch 0.33
2022-02-17 18:11:08,018 INFO: | epoch   1 | step 12950 | batch 1700/11250 | lr 0.00001 0.00000 | loss 0.1393 | s/batch 0.37
2022-02-17 18:11:27,485 INFO: | epoch   1 | step 13000 | batch 1750/11250 | lr 0.00000 0.00000 | loss 0.1007 | s/batch 0.39
2022-02-17 18:11:45,771 INFO: | epoch   1 | step 13050 | batch 1800/11250 | lr 0.00000 0.00000 | loss 0.1440 | s/batch 0.37
2022-02-17 18:12:03,974 INFO: | epoch   1 | step 13100 | batch 1850/11250 | lr 0.00000 0.00000 | loss 0.1549 | s/batch 0.36
2022-02-17 18:12:23,097 INFO: | epoch   1 | step 13150 | batch 1900/11250 | lr 0.00000 0.00000 | loss 0.1467 | s/batch 0.38
2022-02-17 18:12:42,866 INFO: | epoch   1 | step 13200 | batch 1950/11250 | lr 0.00000 0.00000 | loss 0.1254 | s/batch 0.40
2022-02-17 18:12:59,489 INFO: | epoch   1 | step 13250 | batch 2000/11250 | lr 0.00000 0.00000 | loss 0.1275 | s/batch 0.33
2022-02-17 18:13:19,516 INFO: | epoch   1 | step 13300 | batch 2050/11250 | lr 0.00000 0.00000 | loss 0.1602 | s/batch 0.40
2022-02-17 18:13:38,212 INFO: | epoch   1 | step 13350 | batch 2100/11250 | lr 0.00000 0.00000 | loss 0.1894 | s/batch 0.37
2022-02-17 18:13:57,342 INFO: | epoch   1 | step 13400 | batch 2150/11250 | lr 0.00000 0.00000 | loss 0.1240 | s/batch 0.38
2022-02-17 18:14:15,830 INFO: | epoch   1 | step 13450 | batch 2200/11250 | lr 0.00000 0.00000 | loss 0.1378 | s/batch 0.37
2022-02-17 18:14:33,407 INFO: | epoch   1 | step 13500 | batch 2250/11250 | lr 0.00000 0.00000 | loss 0.1656 | s/batch 0.35
2022-02-17 18:14:52,156 INFO: | epoch   1 | step 13550 | batch 2300/11250 | lr 0.00000 0.00000 | loss 0.1067 | s/batch 0.37
2022-02-17 18:15:10,943 INFO: | epoch   1 | step 13600 | batch 2350/11250 | lr 0.00000 0.00000 | loss 0.1829 | s/batch 0.38
2022-02-17 18:15:31,613 INFO: | epoch   1 | step 13650 | batch 2400/11250 | lr 0.00000 0.00000 | loss 0.1258 | s/batch 0.41
2022-02-17 18:15:49,797 INFO: | epoch   1 | step 13700 | batch 2450/11250 | lr 0.00000 0.00000 | loss 0.1245 | s/batch 0.36
2022-02-17 18:16:07,031 INFO: | epoch   1 | step 13750 | batch 2500/11250 | lr 0.00000 0.00000 | loss 0.1375 | s/batch 0.34
2022-02-17 18:16:27,260 INFO: | epoch   1 | step 13800 | batch 2550/11250 | lr 0.00000 0.00000 | loss 0.1434 | s/batch 0.40
2022-02-17 18:16:45,223 INFO: | epoch   1 | step 13850 | batch 2600/11250 | lr 0.00000 0.00000 | loss 0.1484 | s/batch 0.36
2022-02-17 18:17:04,275 INFO: | epoch   1 | step 13900 | batch 2650/11250 | lr 0.00000 0.00000 | loss 0.1518 | s/batch 0.38
2022-02-17 18:17:21,903 INFO: | epoch   1 | step 13950 | batch 2700/11250 | lr 0.00000 0.00000 | loss 0.1647 | s/batch 0.35
2022-02-17 18:17:38,661 INFO: | epoch   1 | step 14000 | batch 2750/11250 | lr 0.00000 0.00000 | loss 0.1718 | s/batch 0.34
2022-02-17 18:17:59,592 INFO: | epoch   1 | step 14050 | batch 2800/11250 | lr 0.00000 0.00000 | loss 0.1735 | s/batch 0.42
2022-02-17 18:18:19,260 INFO: | epoch   1 | step 14100 | batch 2850/11250 | lr 0.00000 0.00000 | loss 0.1814 | s/batch 0.39
2022-02-17 18:18:37,523 INFO: | epoch   1 | step 14150 | batch 2900/11250 | lr 0.00000 0.00000 | loss 0.1521 | s/batch 0.37
2022-02-17 18:18:53,868 INFO: | epoch   1 | step 14200 | batch 2950/11250 | lr 0.00000 0.00000 | loss 0.1211 | s/batch 0.33
2022-02-17 18:19:12,144 INFO: | epoch   1 | step 14250 | batch 3000/11250 | lr 0.00000 0.00000 | loss 0.1500 | s/batch 0.37
2022-02-17 18:19:30,630 INFO: | epoch   1 | step 14300 | batch 3050/11250 | lr 0.00000 0.00000 | loss 0.1470 | s/batch 0.37
2022-02-17 18:19:47,339 INFO: | epoch   1 | step 14350 | batch 3100/11250 | lr 0.00000 0.00000 | loss 0.1850 | s/batch 0.33
2022-02-17 18:20:05,601 INFO: | epoch   1 | step 14400 | batch 3150/11250 | lr 0.00000 0.00000 | loss 0.1533 | s/batch 0.37
2022-02-17 18:20:24,403 INFO: | epoch   1 | step 14450 | batch 3200/11250 | lr 0.00000 0.00000 | loss 0.1316 | s/batch 0.38
2022-02-17 18:20:43,262 INFO: | epoch   1 | step 14500 | batch 3250/11250 | lr 0.00000 0.00000 | loss 0.1480 | s/batch 0.38
2022-02-17 18:21:03,030 INFO: | epoch   1 | step 14550 | batch 3300/11250 | lr 0.00000 0.00000 | loss 0.1390 | s/batch 0.40
2022-02-17 18:21:21,570 INFO: | epoch   1 | step 14600 | batch 3350/11250 | lr 0.00000 0.00000 | loss 0.1331 | s/batch 0.37
2022-02-17 18:21:41,947 INFO: | epoch   1 | step 14650 | batch 3400/11250 | lr 0.00000 0.00000 | loss 0.1266 | s/batch 0.41
2022-02-17 18:22:00,787 INFO: | epoch   1 | step 14700 | batch 3450/11250 | lr 0.00000 0.00000 | loss 0.1816 | s/batch 0.38
2022-02-17 18:22:20,493 INFO: | epoch   1 | step 14750 | batch 3500/11250 | lr 0.00000 0.00000 | loss 0.1420 | s/batch 0.39
2022-02-17 18:22:37,965 INFO: | epoch   1 | step 14800 | batch 3550/11250 | lr 0.00000 0.00000 | loss 0.1345 | s/batch 0.35
2022-02-17 18:22:57,549 INFO: | epoch   1 | step 14850 | batch 3600/11250 | lr 0.00000 0.00000 | loss 0.1485 | s/batch 0.39
2022-02-17 18:23:13,991 INFO: | epoch   1 | step 14900 | batch 3650/11250 | lr 0.00000 0.00000 | loss 0.1114 | s/batch 0.33
2022-02-17 18:23:31,737 INFO: | epoch   1 | step 14950 | batch 3700/11250 | lr 0.00000 0.00000 | loss 0.1290 | s/batch 0.35
2022-02-17 18:23:50,583 INFO: | epoch   1 | step 15000 | batch 3750/11250 | lr 0.00000 0.00000 | loss 0.1562 | s/batch 0.38
2022-02-17 18:24:10,982 INFO: | epoch   1 | step 15050 | batch 3800/11250 | lr 0.00000 0.00000 | loss 0.1294 | s/batch 0.41
2022-02-17 18:24:30,212 INFO: | epoch   1 | step 15100 | batch 3850/11250 | lr 0.00000 0.00000 | loss 0.2117 | s/batch 0.38
2022-02-17 18:24:49,255 INFO: | epoch   1 | step 15150 | batch 3900/11250 | lr 0.00000 0.00000 | loss 0.1478 | s/batch 0.38
2022-02-17 18:25:07,239 INFO: | epoch   1 | step 15200 | batch 3950/11250 | lr 0.00000 0.00000 | loss 0.1400 | s/batch 0.36
2022-02-17 18:25:26,373 INFO: | epoch   1 | step 15250 | batch 4000/11250 | lr 0.00000 0.00000 | loss 0.1169 | s/batch 0.38
2022-02-17 18:25:46,814 INFO: | epoch   1 | step 15300 | batch 4050/11250 | lr 0.00000 0.00000 | loss 0.1708 | s/batch 0.41
2022-02-17 18:26:05,998 INFO: | epoch   1 | step 15350 | batch 4100/11250 | lr 0.00000 0.00000 | loss 0.1061 | s/batch 0.38
2022-02-17 18:26:25,724 INFO: | epoch   1 | step 15400 | batch 4150/11250 | lr 0.00000 0.00000 | loss 0.1415 | s/batch 0.39
2022-02-17 18:26:44,367 INFO: | epoch   1 | step 15450 | batch 4200/11250 | lr 0.00000 0.00000 | loss 0.1432 | s/batch 0.37
2022-02-17 18:27:04,236 INFO: | epoch   1 | step 15500 | batch 4250/11250 | lr 0.00000 0.00000 | loss 0.1545 | s/batch 0.40
2022-02-17 18:27:23,549 INFO: | epoch   1 | step 15550 | batch 4300/11250 | lr 0.00000 0.00000 | loss 0.1787 | s/batch 0.39
2022-02-17 18:27:42,906 INFO: | epoch   1 | step 15600 | batch 4350/11250 | lr 0.00000 0.00000 | loss 0.1662 | s/batch 0.39
2022-02-17 18:27:57,642 INFO: | epoch   1 | step 15650 | batch 4400/11250 | lr 0.00000 0.00000 | loss 0.1089 | s/batch 0.29
2022-02-17 18:28:15,437 INFO: | epoch   1 | step 15700 | batch 4450/11250 | lr 0.00000 0.00000 | loss 0.1290 | s/batch 0.36
2022-02-17 18:28:33,782 INFO: | epoch   1 | step 15750 | batch 4500/11250 | lr 0.00000 0.00000 | loss 0.0997 | s/batch 0.37
2022-02-17 18:28:52,101 INFO: | epoch   1 | step 15800 | batch 4550/11250 | lr 0.00000 0.00000 | loss 0.1266 | s/batch 0.37
2022-02-17 18:29:09,613 INFO: | epoch   1 | step 15850 | batch 4600/11250 | lr 0.00000 0.00000 | loss 0.1790 | s/batch 0.35
2022-02-17 18:29:26,989 INFO: | epoch   1 | step 15900 | batch 4650/11250 | lr 0.00000 0.00000 | loss 0.1397 | s/batch 0.35
2022-02-17 18:29:46,603 INFO: | epoch   1 | step 15950 | batch 4700/11250 | lr 0.00000 0.00000 | loss 0.1302 | s/batch 0.39
2022-02-17 18:30:03,297 INFO: | epoch   1 | step 16000 | batch 4750/11250 | lr 0.00000 0.00000 | loss 0.1313 | s/batch 0.33
2022-02-17 18:30:23,389 INFO: | epoch   1 | step 16050 | batch 4800/11250 | lr 0.00000 0.00000 | loss 0.1257 | s/batch 0.40
2022-02-17 18:30:42,462 INFO: | epoch   1 | step 16100 | batch 4850/11250 | lr 0.00000 0.00000 | loss 0.1705 | s/batch 0.38
2022-02-17 18:31:03,581 INFO: | epoch   1 | step 16150 | batch 4900/11250 | lr 0.00000 0.00000 | loss 0.1609 | s/batch 0.42
2022-02-17 18:31:26,289 INFO: | epoch   1 | step 16200 | batch 4950/11250 | lr 0.00000 0.00000 | loss 0.1737 | s/batch 0.45
2022-02-17 18:31:45,146 INFO: | epoch   1 | step 16250 | batch 5000/11250 | lr 0.00000 0.00000 | loss 0.1224 | s/batch 0.38
2022-02-17 18:32:04,854 INFO: | epoch   1 | step 16300 | batch 5050/11250 | lr 0.00000 0.00000 | loss 0.1533 | s/batch 0.39
2022-02-17 18:32:24,666 INFO: | epoch   1 | step 16350 | batch 5100/11250 | lr 0.00000 0.00000 | loss 0.1472 | s/batch 0.40
2022-02-17 18:32:41,682 INFO: | epoch   1 | step 16400 | batch 5150/11250 | lr 0.00000 0.00000 | loss 0.1608 | s/batch 0.34
2022-02-17 18:32:57,988 INFO: | epoch   1 | step 16450 | batch 5200/11250 | lr 0.00000 0.00000 | loss 0.1506 | s/batch 0.33
2022-02-17 18:33:15,955 INFO: | epoch   1 | step 16500 | batch 5250/11250 | lr 0.00000 0.00000 | loss 0.1502 | s/batch 0.36
2022-02-17 18:33:34,740 INFO: | epoch   1 | step 16550 | batch 5300/11250 | lr 0.00000 0.00000 | loss 0.1641 | s/batch 0.38
2022-02-17 18:33:51,187 INFO: | epoch   1 | step 16600 | batch 5350/11250 | lr 0.00000 0.00000 | loss 0.1368 | s/batch 0.33
2022-02-17 18:34:07,992 INFO: | epoch   1 | step 16650 | batch 5400/11250 | lr 0.00000 0.00000 | loss 0.1194 | s/batch 0.34
2022-02-17 18:34:23,732 INFO: | epoch   1 | step 16700 | batch 5450/11250 | lr 0.00000 0.00000 | loss 0.1228 | s/batch 0.31
2022-02-17 18:34:41,917 INFO: | epoch   1 | step 16750 | batch 5500/11250 | lr 0.00000 0.00000 | loss 0.1125 | s/batch 0.36
2022-02-17 18:34:59,599 INFO: | epoch   1 | step 16800 | batch 5550/11250 | lr 0.00000 0.00000 | loss 0.1387 | s/batch 0.35
2022-02-17 18:35:18,690 INFO: | epoch   1 | step 16850 | batch 5600/11250 | lr 0.00000 0.00000 | loss 0.1515 | s/batch 0.38
2022-02-17 18:35:39,060 INFO: | epoch   1 | step 16900 | batch 5650/11250 | lr 0.00000 0.00000 | loss 0.1455 | s/batch 0.41
2022-02-17 18:35:55,532 INFO: | epoch   1 | step 16950 | batch 5700/11250 | lr 0.00000 0.00000 | loss 0.1636 | s/batch 0.33
2022-02-17 18:36:13,739 INFO: | epoch   1 | step 17000 | batch 5750/11250 | lr 0.00000 0.00000 | loss 0.1112 | s/batch 0.36
2022-02-17 18:36:32,040 INFO: | epoch   1 | step 17050 | batch 5800/11250 | lr 0.00000 0.00000 | loss 0.1460 | s/batch 0.37
2022-02-17 18:36:51,420 INFO: | epoch   1 | step 17100 | batch 5850/11250 | lr 0.00000 0.00000 | loss 0.1523 | s/batch 0.39
2022-02-17 18:37:08,299 INFO: | epoch   1 | step 17150 | batch 5900/11250 | lr 0.00000 0.00000 | loss 0.1382 | s/batch 0.34
2022-02-17 18:37:27,164 INFO: | epoch   1 | step 17200 | batch 5950/11250 | lr 0.00000 0.00000 | loss 0.1336 | s/batch 0.38
2022-02-17 18:37:45,460 INFO: | epoch   1 | step 17250 | batch 6000/11250 | lr 0.00000 0.00000 | loss 0.1150 | s/batch 0.37
2022-02-17 18:38:03,640 INFO: | epoch   1 | step 17300 | batch 6050/11250 | lr 0.00000 0.00000 | loss 0.1365 | s/batch 0.36
2022-02-17 18:38:20,940 INFO: | epoch   1 | step 17350 | batch 6100/11250 | lr 0.00000 0.00000 | loss 0.1354 | s/batch 0.35
2022-02-17 18:38:36,974 INFO: | epoch   1 | step 17400 | batch 6150/11250 | lr 0.00000 0.00000 | loss 0.1956 | s/batch 0.32
2022-02-17 18:38:55,068 INFO: | epoch   1 | step 17450 | batch 6200/11250 | lr 0.00000 0.00000 | loss 0.1285 | s/batch 0.36
2022-02-17 18:39:14,513 INFO: | epoch   1 | step 17500 | batch 6250/11250 | lr 0.00000 0.00000 | loss 0.1220 | s/batch 0.39
2022-02-17 18:39:33,198 INFO: | epoch   1 | step 17550 | batch 6300/11250 | lr 0.00000 0.00000 | loss 0.1493 | s/batch 0.37
2022-02-17 18:39:53,939 INFO: | epoch   1 | step 17600 | batch 6350/11250 | lr 0.00000 0.00000 | loss 0.1648 | s/batch 0.41
2022-02-17 18:40:13,191 INFO: | epoch   1 | step 17650 | batch 6400/11250 | lr 0.00000 0.00000 | loss 0.1146 | s/batch 0.39
2022-02-17 18:40:33,363 INFO: | epoch   1 | step 17700 | batch 6450/11250 | lr 0.00000 0.00000 | loss 0.1900 | s/batch 0.40
2022-02-17 18:40:53,096 INFO: | epoch   1 | step 17750 | batch 6500/11250 | lr 0.00000 0.00000 | loss 0.1225 | s/batch 0.39
2022-02-17 18:41:12,516 INFO: | epoch   1 | step 17800 | batch 6550/11250 | lr 0.00000 0.00000 | loss 0.1121 | s/batch 0.39
2022-02-17 18:41:34,276 INFO: | epoch   1 | step 17850 | batch 6600/11250 | lr 0.00000 0.00000 | loss 0.1695 | s/batch 0.44
2022-02-17 18:41:55,075 INFO: | epoch   1 | step 17900 | batch 6650/11250 | lr 0.00000 0.00000 | loss 0.1764 | s/batch 0.42
2022-02-17 18:42:13,545 INFO: | epoch   1 | step 17950 | batch 6700/11250 | lr 0.00000 0.00000 | loss 0.1587 | s/batch 0.37
2022-02-17 18:42:33,762 INFO: | epoch   1 | step 18000 | batch 6750/11250 | lr 0.00000 0.00000 | loss 0.1808 | s/batch 0.40
2022-02-17 18:42:51,055 INFO: | epoch   1 | step 18050 | batch 6800/11250 | lr 0.00000 0.00000 | loss 0.1041 | s/batch 0.35
2022-02-17 18:43:10,226 INFO: | epoch   1 | step 18100 | batch 6850/11250 | lr 0.00000 0.00000 | loss 0.1787 | s/batch 0.38
2022-02-17 18:43:29,696 INFO: | epoch   1 | step 18150 | batch 6900/11250 | lr 0.00000 0.00000 | loss 0.1726 | s/batch 0.39
2022-02-17 18:43:48,733 INFO: | epoch   1 | step 18200 | batch 6950/11250 | lr 0.00000 0.00000 | loss 0.1334 | s/batch 0.38
2022-02-17 18:44:09,595 INFO: | epoch   1 | step 18250 | batch 7000/11250 | lr 0.00000 0.00000 | loss 0.1293 | s/batch 0.42
2022-02-17 18:44:26,180 INFO: | epoch   1 | step 18300 | batch 7050/11250 | lr 0.00000 0.00000 | loss 0.1669 | s/batch 0.33
2022-02-17 18:44:46,759 INFO: | epoch   1 | step 18350 | batch 7100/11250 | lr 0.00000 0.00000 | loss 0.1313 | s/batch 0.41
2022-02-17 18:45:04,810 INFO: | epoch   1 | step 18400 | batch 7150/11250 | lr 0.00000 0.00000 | loss 0.1281 | s/batch 0.36
2022-02-17 18:45:21,708 INFO: | epoch   1 | step 18450 | batch 7200/11250 | lr 0.00000 0.00000 | loss 0.1019 | s/batch 0.34
2022-02-17 18:45:37,970 INFO: | epoch   1 | step 18500 | batch 7250/11250 | lr 0.00000 0.00000 | loss 0.1843 | s/batch 0.33
2022-02-17 18:45:57,119 INFO: | epoch   1 | step 18550 | batch 7300/11250 | lr 0.00000 0.00000 | loss 0.1319 | s/batch 0.38
2022-02-17 18:46:16,891 INFO: | epoch   1 | step 18600 | batch 7350/11250 | lr 0.00000 0.00000 | loss 0.1618 | s/batch 0.40
2022-02-17 18:46:35,589 INFO: | epoch   1 | step 18650 | batch 7400/11250 | lr 0.00000 0.00000 | loss 0.1637 | s/batch 0.37
2022-02-17 18:46:54,311 INFO: | epoch   1 | step 18700 | batch 7450/11250 | lr 0.00000 0.00000 | loss 0.1396 | s/batch 0.37
2022-02-17 18:47:12,648 INFO: | epoch   1 | step 18750 | batch 7500/11250 | lr 0.00000 0.00000 | loss 0.1002 | s/batch 0.37
2022-02-17 18:47:33,421 INFO: | epoch   1 | step 18800 | batch 7550/11250 | lr 0.00000 0.00000 | loss 0.1377 | s/batch 0.42
2022-02-17 18:47:53,163 INFO: | epoch   1 | step 18850 | batch 7600/11250 | lr 0.00000 0.00000 | loss 0.1438 | s/batch 0.39
2022-02-17 18:48:11,433 INFO: | epoch   1 | step 18900 | batch 7650/11250 | lr 0.00000 0.00000 | loss 0.1640 | s/batch 0.37
2022-02-17 18:48:30,660 INFO: | epoch   1 | step 18950 | batch 7700/11250 | lr 0.00000 0.00000 | loss 0.1265 | s/batch 0.38
2022-02-17 18:48:48,559 INFO: | epoch   1 | step 19000 | batch 7750/11250 | lr 0.00000 0.00000 | loss 0.1083 | s/batch 0.36
2022-02-17 18:49:04,657 INFO: | epoch   1 | step 19050 | batch 7800/11250 | lr 0.00000 0.00000 | loss 0.1163 | s/batch 0.32
2022-02-17 18:49:20,501 INFO: | epoch   1 | step 19100 | batch 7850/11250 | lr 0.00000 0.00000 | loss 0.1479 | s/batch 0.32
2022-02-17 18:49:38,196 INFO: | epoch   1 | step 19150 | batch 7900/11250 | lr 0.00000 0.00000 | loss 0.1564 | s/batch 0.35
2022-02-17 18:49:56,762 INFO: | epoch   1 | step 19200 | batch 7950/11250 | lr 0.00000 0.00000 | loss 0.1441 | s/batch 0.37
2022-02-17 18:50:14,171 INFO: | epoch   1 | step 19250 | batch 8000/11250 | lr 0.00000 0.00000 | loss 0.1829 | s/batch 0.35
2022-02-17 18:50:33,076 INFO: | epoch   1 | step 19300 | batch 8050/11250 | lr 0.00000 0.00000 | loss 0.1657 | s/batch 0.38
2022-02-17 18:50:51,980 INFO: | epoch   1 | step 19350 | batch 8100/11250 | lr 0.00000 0.00000 | loss 0.1534 | s/batch 0.38
2022-02-17 18:51:09,255 INFO: | epoch   1 | step 19400 | batch 8150/11250 | lr 0.00000 0.00000 | loss 0.1364 | s/batch 0.35
2022-02-17 18:51:27,249 INFO: | epoch   1 | step 19450 | batch 8200/11250 | lr 0.00000 0.00000 | loss 0.1416 | s/batch 0.36
2022-02-17 18:51:48,881 INFO: | epoch   1 | step 19500 | batch 8250/11250 | lr 0.00000 0.00000 | loss 0.1286 | s/batch 0.43
2022-02-17 18:52:06,851 INFO: | epoch   1 | step 19550 | batch 8300/11250 | lr 0.00000 0.00000 | loss 0.1630 | s/batch 0.36
2022-02-17 18:52:25,104 INFO: | epoch   1 | step 19600 | batch 8350/11250 | lr 0.00000 0.00000 | loss 0.1585 | s/batch 0.37
2022-02-17 18:52:42,360 INFO: | epoch   1 | step 19650 | batch 8400/11250 | lr 0.00000 0.00000 | loss 0.1212 | s/batch 0.35
2022-02-17 18:52:59,396 INFO: | epoch   1 | step 19700 | batch 8450/11250 | lr 0.00000 0.00000 | loss 0.1497 | s/batch 0.34
2022-02-17 18:53:19,178 INFO: | epoch   1 | step 19750 | batch 8500/11250 | lr 0.00000 0.00000 | loss 0.1446 | s/batch 0.40
2022-02-17 18:53:36,660 INFO: | epoch   1 | step 19800 | batch 8550/11250 | lr 0.00000 0.00000 | loss 0.1723 | s/batch 0.35
2022-02-17 18:53:50,879 INFO: | epoch   1 | step 19850 | batch 8600/11250 | lr 0.00000 0.00000 | loss 0.1422 | s/batch 0.28
2022-02-17 18:54:07,945 INFO: | epoch   1 | step 19900 | batch 8650/11250 | lr 0.00000 0.00000 | loss 0.1339 | s/batch 0.34
2022-02-17 18:54:27,627 INFO: | epoch   1 | step 19950 | batch 8700/11250 | lr 0.00000 0.00000 | loss 0.1865 | s/batch 0.39
2022-02-17 18:54:46,287 INFO: | epoch   1 | step 20000 | batch 8750/11250 | lr 0.00000 0.00000 | loss 0.1773 | s/batch 0.37
2022-02-17 18:55:05,495 INFO: | epoch   1 | step 20050 | batch 8800/11250 | lr 0.00000 0.00000 | loss 0.1586 | s/batch 0.38
2022-02-17 18:55:24,058 INFO: | epoch   1 | step 20100 | batch 8850/11250 | lr 0.00000 0.00000 | loss 0.1737 | s/batch 0.37
2022-02-17 18:55:40,724 INFO: | epoch   1 | step 20150 | batch 8900/11250 | lr 0.00000 0.00000 | loss 0.1326 | s/batch 0.33
2022-02-17 18:55:57,689 INFO: | epoch   1 | step 20200 | batch 8950/11250 | lr 0.00000 0.00000 | loss 0.1248 | s/batch 0.34
2022-02-17 18:56:13,929 INFO: | epoch   1 | step 20250 | batch 9000/11250 | lr 0.00000 0.00000 | loss 0.1596 | s/batch 0.32
2022-02-17 18:56:32,611 INFO: | epoch   1 | step 20300 | batch 9050/11250 | lr 0.00000 0.00000 | loss 0.1394 | s/batch 0.37
2022-02-17 18:56:52,320 INFO: | epoch   1 | step 20350 | batch 9100/11250 | lr 0.00000 0.00000 | loss 0.1672 | s/batch 0.39
2022-02-17 18:57:10,982 INFO: | epoch   1 | step 20400 | batch 9150/11250 | lr 0.00000 0.00000 | loss 0.1918 | s/batch 0.37
2022-02-17 18:57:27,806 INFO: | epoch   1 | step 20450 | batch 9200/11250 | lr 0.00000 0.00000 | loss 0.1551 | s/batch 0.34
2022-02-17 18:57:45,325 INFO: | epoch   1 | step 20500 | batch 9250/11250 | lr 0.00000 0.00000 | loss 0.1513 | s/batch 0.35
2022-02-17 18:58:02,032 INFO: | epoch   1 | step 20550 | batch 9300/11250 | lr 0.00000 0.00000 | loss 0.1271 | s/batch 0.33
2022-02-17 18:58:19,979 INFO: | epoch   1 | step 20600 | batch 9350/11250 | lr 0.00000 0.00000 | loss 0.1066 | s/batch 0.36
2022-02-17 18:58:38,767 INFO: | epoch   1 | step 20650 | batch 9400/11250 | lr 0.00000 0.00000 | loss 0.2143 | s/batch 0.38
2022-02-17 18:58:55,357 INFO: | epoch   1 | step 20700 | batch 9450/11250 | lr 0.00000 0.00000 | loss 0.1339 | s/batch 0.33
2022-02-17 18:59:16,568 INFO: | epoch   1 | step 20750 | batch 9500/11250 | lr 0.00000 0.00000 | loss 0.1621 | s/batch 0.42
2022-02-17 18:59:34,717 INFO: | epoch   1 | step 20800 | batch 9550/11250 | lr 0.00000 0.00000 | loss 0.1855 | s/batch 0.36
2022-02-17 18:59:52,484 INFO: | epoch   1 | step 20850 | batch 9600/11250 | lr 0.00000 0.00000 | loss 0.1514 | s/batch 0.36
2022-02-17 19:00:11,131 INFO: | epoch   1 | step 20900 | batch 9650/11250 | lr 0.00000 0.00000 | loss 0.1705 | s/batch 0.37
2022-02-17 19:00:28,684 INFO: | epoch   1 | step 20950 | batch 9700/11250 | lr 0.00000 0.00000 | loss 0.1550 | s/batch 0.35
2022-02-17 19:00:47,423 INFO: | epoch   1 | step 21000 | batch 9750/11250 | lr 0.00000 0.00000 | loss 0.1555 | s/batch 0.37
2022-02-17 19:01:05,244 INFO: | epoch   1 | step 21050 | batch 9800/11250 | lr 0.00000 0.00000 | loss 0.1669 | s/batch 0.36
2022-02-17 19:01:23,175 INFO: | epoch   1 | step 21100 | batch 9850/11250 | lr 0.00000 0.00000 | loss 0.1433 | s/batch 0.36
2022-02-17 19:01:39,394 INFO: | epoch   1 | step 21150 | batch 9900/11250 | lr 0.00000 0.00000 | loss 0.1621 | s/batch 0.32
2022-02-17 19:01:58,069 INFO: | epoch   1 | step 21200 | batch 9950/11250 | lr 0.00000 0.00000 | loss 0.1391 | s/batch 0.37
2022-02-17 19:02:19,043 INFO: | epoch   1 | step 21250 | batch 10000/11250 | lr 0.00000 0.00000 | loss 0.1476 | s/batch 0.42
2022-02-17 19:02:39,177 INFO: | epoch   1 | step 21300 | batch 10050/11250 | lr 0.00000 0.00000 | loss 0.1703 | s/batch 0.40
2022-02-17 19:03:00,684 INFO: | epoch   1 | step 21350 | batch 10100/11250 | lr 0.00000 0.00000 | loss 0.1743 | s/batch 0.43
2022-02-17 19:03:24,191 INFO: | epoch   1 | step 21400 | batch 10150/11250 | lr 0.00000 0.00000 | loss 0.1741 | s/batch 0.47
2022-02-17 19:03:43,920 INFO: | epoch   1 | step 21450 | batch 10200/11250 | lr 0.00000 0.00000 | loss 0.1250 | s/batch 0.39
2022-02-17 19:04:02,244 INFO: | epoch   1 | step 21500 | batch 10250/11250 | lr 0.00000 0.00000 | loss 0.1435 | s/batch 0.37
2022-02-17 19:04:21,120 INFO: | epoch   1 | step 21550 | batch 10300/11250 | lr 0.00000 0.00000 | loss 0.1394 | s/batch 0.38
2022-02-17 19:04:41,311 INFO: | epoch   1 | step 21600 | batch 10350/11250 | lr 0.00000 0.00000 | loss 0.1606 | s/batch 0.40
2022-02-17 19:05:02,384 INFO: | epoch   1 | step 21650 | batch 10400/11250 | lr 0.00000 0.00000 | loss 0.1521 | s/batch 0.42
2022-02-17 19:05:21,966 INFO: | epoch   1 | step 21700 | batch 10450/11250 | lr 0.00000 0.00000 | loss 0.1606 | s/batch 0.39
2022-02-17 19:05:42,377 INFO: | epoch   1 | step 21750 | batch 10500/11250 | lr 0.00000 0.00000 | loss 0.1700 | s/batch 0.41
2022-02-17 19:06:01,766 INFO: | epoch   1 | step 21800 | batch 10550/11250 | lr 0.00000 0.00000 | loss 0.1476 | s/batch 0.39
2022-02-17 19:06:21,122 INFO: | epoch   1 | step 21850 | batch 10600/11250 | lr 0.00000 0.00000 | loss 0.1848 | s/batch 0.39
2022-02-17 19:06:38,556 INFO: | epoch   1 | step 21900 | batch 10650/11250 | lr 0.00000 0.00000 | loss 0.1373 | s/batch 0.35
2022-02-17 19:06:57,378 INFO: | epoch   1 | step 21950 | batch 10700/11250 | lr 0.00000 0.00000 | loss 0.1246 | s/batch 0.38
2022-02-17 19:07:19,199 INFO: | epoch   1 | step 22000 | batch 10750/11250 | lr 0.00000 0.00000 | loss 0.1437 | s/batch 0.44
2022-02-17 19:07:41,208 INFO: | epoch   1 | step 22050 | batch 10800/11250 | lr 0.00000 0.00000 | loss 0.1697 | s/batch 0.44
